Using pre-set license
Built from '2020.3/release' branch; Version is '2020.3.12f1 (b3b2c6512326) revision 11776710'; Using compiler version '192528614'; Build Type 'Release'
OS: 'Windows 10 Home; OS build 19041.1052; Version 2004; 64bit' Language: 'en' Physical Memory: 16318 MB
BatchMode: 1, IsHumanControllingUs: 0, StartBugReporterOnCrash: 0, Is64bit: 1, IsPro: 0

 COMMAND LINE ARGUMENTS:
C:\Program Files\Unity\Hub\Editor\2020.3.12f1\Editor\Unity.exe
-adb2
-batchMode
-noUpm
-name
AssetImportWorker0
-projectPath
C:/Users/joeya/Documents/GitHub/BCRFC3D/BCRFC3D
-logFile
Logs/AssetImportWorker0.log
-srvPort
56482
Successfully changed project path to: C:/Users/joeya/Documents/GitHub/BCRFC3D/BCRFC3D
C:/Users/joeya/Documents/GitHub/BCRFC3D/BCRFC3D
Using Asset Import Pipeline V2.
Refreshing native plugins compatible for Editor in 67.34 ms, found 2 plugins.
Preloading 0 native plugins for Editor in 0.00 ms.
Initialize engine version: 2020.3.12f1 (b3b2c6512326)
[Subsystems] Discovering subsystems at path C:/Program Files/Unity/Hub/Editor/2020.3.12f1/Editor/Data/Resources/UnitySubsystems
[Subsystems] Discovering subsystems at path C:/Users/joeya/Documents/GitHub/BCRFC3D/BCRFC3D/Assets
GfxDevice: creating device client; threaded=0
Direct3D:
    Version:  Direct3D 11.0 [level 11.1]
    Renderer: NVIDIA GeForce GTX 1060 6GB (ID=0x1c03)
    Vendor:   
    VRAM:     6052 MB
    Driver:   27.21.14.6079
Initialize mono
Mono path[0] = 'C:/Program Files/Unity/Hub/Editor/2020.3.12f1/Editor/Data/Managed'
Mono path[1] = 'C:/Program Files/Unity/Hub/Editor/2020.3.12f1/Editor/Data/MonoBleedingEdge/lib/mono/unityjit'
Mono config path = 'C:/Program Files/Unity/Hub/Editor/2020.3.12f1/Editor/Data/MonoBleedingEdge/etc'
Using monoOptions --debugger-agent=transport=dt_socket,embedding=1,server=y,suspend=n,address=127.0.0.1:56640
Begin MonoManager ReloadAssembly
Registering precompiled unity dll's ...
Register platform support module: C:/Program Files/Unity/Hub/Editor/2020.3.12f1/Editor/Data/PlaybackEngines/MacStandaloneSupport/UnityEditor.OSXStandalone.Extensions.dll
Register platform support module: C:/Program Files/Unity/Hub/Editor/2020.3.12f1/Editor/Data/PlaybackEngines/WindowsStandaloneSupport/UnityEditor.WindowsStandalone.Extensions.dll
Register platform support module: C:/Program Files/Unity/Hub/Editor/2020.3.12f1/Editor/Data/PlaybackEngines/LinuxStandaloneSupport/UnityEditor.LinuxStandalone.Extensions.dll
Registered in 0.002066 seconds.
Native extension for LinuxStandalone target not found
Native extension for WindowsStandalone target not found
Native extension for OSXStandalone target not found
Refreshing native plugins compatible for Editor in 52.99 ms, found 2 plugins.
Preloading 0 native plugins for Editor in 0.00 ms.
Mono: successfully reloaded assembly
- Completed reload, in  2.213 seconds
Platform modules already initialized, skipping
Registering precompiled user dll's ...
Registered in 0.004283 seconds.
Begin MonoManager ReloadAssembly
Native extension for LinuxStandalone target not found
Native extension for WindowsStandalone target not found
Native extension for OSXStandalone target not found
Refreshing native plugins compatible for Editor in 0.42 ms, found 2 plugins.
Preloading 0 native plugins for Editor in 0.00 ms.
Mono: successfully reloaded assembly
- Completed reload, in  1.102 seconds
Platform modules already initialized, skipping
========================================================================
Worker process is ready to serve import requests
Launched and connected shader compiler UnityShaderCompiler.exe after 0.04 seconds
Refreshing native plugins compatible for Editor in 0.41 ms, found 2 plugins.
Preloading 0 native plugins for Editor in 0.00 ms.
Unloading 2034 Unused Serialized files (Serialized files now loaded: 0)
System memory in use before: 162.4 MB.
System memory in use after: 160.0 MB.

Unloading 115 unused Assets to reduce memory usage. Loaded Objects now: 2435.
Total: 4.527500 ms (FindLiveObjects: 0.176900 ms CreateObjectMapping: 0.067400 ms MarkObjects: 2.543500 ms  DeleteObjects: 1.738000 ms)

AssetImportParameters requested are different than current active one (requested -> active):
  custom:framework-win-MediaFoundation: 216162199b28c13a410421893ffa2e32 -> 
  custom:video-decoder-ogg-theora: a1e56fd34408186e4bbccfd4996cb3dc -> 
  custom:container-muxer-webm: aa71ff27fc2769a1b78a27578f13a17b -> 
  custom:container-demuxer-webm: 4f35f7cbe854078d1ac9338744f61a02 -> 
  custom:container-demuxer-ogg: 62fdf1f143b41e24485cea50d1cbac27 -> 
  custom:video-encoder-webm-vp8: eb34c28f22e8b96e1ab97ce403110664 -> 
  custom:video-decoder-webm-vp8: 9c59270c3fd7afecdb556c50c9e8de78 -> 
  custom:audio-decoder-ogg-vorbis: bf7c407c2cedff20999df2af8eb42d56 -> 
  custom:audio-encoder-webm-vorbis: bf7c407c2cedff20999df2af8eb42d56 -> 
========================================================================
Received Import Request.
  path: Assets/FPS/Scripts/Gameplay/fps.Gameplay.asmdef
  artifactKey: Guid(27b7e9efd224f064990a97ed99e4456f) Importer(815301076,1909f56bfc062723c751e8b465ee728b)
Start importing Assets/FPS/Scripts/Gameplay/fps.Gameplay.asmdef using Guid(27b7e9efd224f064990a97ed99e4456f) Importer(815301076,1909f56bfc062723c751e8b465ee728b)  -> (artifact id: '43495ef68669796ba38d9b659c742508') in 0.025743 seconds 
  Import took 0.028746 seconds .

========================================================================
Received Import Request.
  Time since last request: 299.498482 seconds.
  path: Assets/FPS/Scripts/UI
  artifactKey: Guid(da9db5e8d482b7d4bb48a8aacb2aeb99) Importer(815301076,1909f56bfc062723c751e8b465ee728b)
Start importing Assets/FPS/Scripts/UI using Guid(da9db5e8d482b7d4bb48a8aacb2aeb99) Importer(815301076,1909f56bfc062723c751e8b465ee728b)  -> (artifact id: '9c2d33c7270f1f14426a8ed80a11aa1b') in 0.009535 seconds 
  Import took 0.013563 seconds .

========================================================================
Received Import Request.
  Time since last request: 0.037136 seconds.
  path: Assets/FPS/Scripts/UI/fps.UI.asmdef
  artifactKey: Guid(269903ea973e2a64ca0fb91ee07d3625) Importer(815301076,1909f56bfc062723c751e8b465ee728b)
Start importing Assets/FPS/Scripts/UI/fps.UI.asmdef using Guid(269903ea973e2a64ca0fb91ee07d3625) Importer(815301076,1909f56bfc062723c751e8b465ee728b)  -> (artifact id: '376503e7741bbd22c393c5ab172cb877') in 0.007277 seconds 
  Import took 0.010853 seconds .

========================================================================
Received Import Request.
  Time since last request: 3.542273 seconds.
  path: Assets/FPS/Scripts/Gameplay
  artifactKey: Guid(d442422ab15c9024e9edea7b5d39e133) Importer(815301076,1909f56bfc062723c751e8b465ee728b)
Start importing Assets/FPS/Scripts/Gameplay using Guid(d442422ab15c9024e9edea7b5d39e133) Importer(815301076,1909f56bfc062723c751e8b465ee728b)  -> (artifact id: '051095062134712542963816fff6d0c5') in 0.007430 seconds 
  Import took 0.010099 seconds .

========================================================================
Received Import Request.
  Time since last request: 3.109054 seconds.
  path: Assets/FPS/Scripts/Game
  artifactKey: Guid(ca85cc8b78b3c1d469a63fe657be17e5) Importer(815301076,1909f56bfc062723c751e8b465ee728b)
Start importing Assets/FPS/Scripts/Game using Guid(ca85cc8b78b3c1d469a63fe657be17e5) Importer(815301076,1909f56bfc062723c751e8b465ee728b)  -> (artifact id: '343adc8bd89016474ced13c5507495ad') in 0.007668 seconds 
  Import took 0.010534 seconds .

========================================================================
Received Import Request.
  Time since last request: 0.064854 seconds.
  path: Assets/FPS/Scripts/Game/fps.Game.asmdef
  artifactKey: Guid(9c5543eabb73a6249ac07b2c065ee8b4) Importer(815301076,1909f56bfc062723c751e8b465ee728b)
Start importing Assets/FPS/Scripts/Game/fps.Game.asmdef using Guid(9c5543eabb73a6249ac07b2c065ee8b4) Importer(815301076,1909f56bfc062723c751e8b465ee728b)  -> (artifact id: '08351d1b032f2d4b553f903fbc0d0a09') in 0.006625 seconds 
  Import took 0.009580 seconds .

========================================================================
Received Import Request.
  Time since last request: 6.984221 seconds.
  path: Assets/FPS/Scripts/Game/Managers
  artifactKey: Guid(ed1f07e0262531d47b1d996b95d657b8) Importer(815301076,1909f56bfc062723c751e8b465ee728b)
Start importing Assets/FPS/Scripts/Game/Managers using Guid(ed1f07e0262531d47b1d996b95d657b8) Importer(815301076,1909f56bfc062723c751e8b465ee728b)  -> (artifact id: 'f25f5e05b9bfbc5431944abf216b4825') in 0.008293 seconds 
  Import took 0.011740 seconds .

========================================================================
Received Import Request.
  Time since last request: 11.906385 seconds.
  path: Assets/FPS/Scripts/Gameplay/Objectives
  artifactKey: Guid(b05ff76ade0626c419fe86e97b480143) Importer(815301076,1909f56bfc062723c751e8b465ee728b)
Start importing Assets/FPS/Scripts/Gameplay/Objectives using Guid(b05ff76ade0626c419fe86e97b480143) Importer(815301076,1909f56bfc062723c751e8b465ee728b)  -> (artifact id: 'adf135cd054c4b86ce8cd326b738ebbf') in 0.011305 seconds 
  Import took 0.014608 seconds .

========================================================================
Received Import Request.
  Time since last request: 2.666391 seconds.
  path: Assets/FPS/Scripts/Gameplay/Managers
  artifactKey: Guid(d5c11cf836ea8664faec9a4423601799) Importer(815301076,1909f56bfc062723c751e8b465ee728b)
Start importing Assets/FPS/Scripts/Gameplay/Managers using Guid(d5c11cf836ea8664faec9a4423601799) Importer(815301076,1909f56bfc062723c751e8b465ee728b)  -> (artifact id: '3657927dca9d65a5e2fe06685e5fd3de') in 0.002210 seconds 
  Import took 0.005793 seconds .

========================================================================
Received Import Request.
  Time since last request: 3.831479 seconds.
  path: Assets/FPS/Scripts/Gameplay/Managers/PlayerWeaponsManager.cs
  artifactKey: Guid(c6b4f98e62f1d104f8658bba08e5d56f) Importer(815301076,1909f56bfc062723c751e8b465ee728b)
Start importing Assets/FPS/Scripts/Gameplay/Managers/PlayerWeaponsManager.cs using Guid(c6b4f98e62f1d104f8658bba08e5d56f) Importer(815301076,1909f56bfc062723c751e8b465ee728b)  -> (artifact id: '9965d441ac8d0d6aab394b68276d8fe8') in 0.015542 seconds 
  Import took 0.019247 seconds .

========================================================================
Received Import Request.
  Time since last request: 2.539687 seconds.
  path: Assets/FPS/Scripts/Gameplay/Managers/PlayerInputHandler.cs
  artifactKey: Guid(dac5ddb3ce9b8884ca9588dc620ffcab) Importer(815301076,1909f56bfc062723c751e8b465ee728b)
Start importing Assets/FPS/Scripts/Gameplay/Managers/PlayerInputHandler.cs using Guid(dac5ddb3ce9b8884ca9588dc620ffcab) Importer(815301076,1909f56bfc062723c751e8b465ee728b)  -> (artifact id: '16a00e061a5dbbebf211be62f04b56f7') in 0.008221 seconds 
  Import took 0.013360 seconds .

AssetImportWorkerClient::OnTransportError - code=2 error=End of file
